<?xml version="1.0" encoding="UTF-8"?>
<!-- Generated by org.testng.reporters.JUnitReportReporter -->
<testsuite hostname="ASDA0081" name="com.qait.automation.rest_assured.AppTest" tests="1" failures="0" timestamp="21 Aug 2018 08:49:08 GMT" time="2.183" errors="0">
  <testcase name="test01" time="2.183" classname="com.qait.automation.rest_assured.AppTest"/>
</testsuite> <!-- com.qait.automation.rest_assured.AppTest -->
